WHYLIB is not set, using /Users/anastasia/.opam/4.03.0/lib/jessie as default
Parsing
Normalization
Typing logic labels
Typing code
Typing axiomatic Padding
Typing logic type declaration padding
Typing axiomatic Padding
Typing tag voidP
Typing tag charP
Typing tag unsigned_charP
Computation of call graph
***********************************
Logic call graph: has 0 components
***********************************
******************************
Call graph: has 0 components
******************************
Adding invariants
Computation of regions
Computation of effects
Translate logic types
Translate structures
all_allocs(tag charP):
  Found 1 allocs.
all_memories(tag charP):
  Found 0 memories.
all_memories(tag charP):
  Found 0 memories.
all_allocs(tag charP):
  Found 1 allocs.
all_allocs(tag charP):
  Found 1 allocs.
all_memories(tag charP):
  Found 0 memories.
all_allocs(tag charP):
  Found 1 allocs.
all_tags(tag charP):
  Found 1 tags.
all_memories(tag charP):
  Found 0 memories.
all_memories(tag charP):
  Found 0 memories.
all_tags(tag charP):
  Found 1 tags.
all_memories(tag charP):
  Found 0 memories.
all_tags(tag charP):
  Found 1 tags.
all_memories(tag charP):
  Found 0 memories.
all_tags(tag charP):
  Found 1 tags.
all_memories(tag charP):
  Found 0 memories.
all_allocs(tag charP):
  Found 1 allocs.
all_tags(tag charP):
  Found 1 tags.
all_memories(tag charP):
  Found 0 memories.
all_allocs(tag charP):
  Found 1 allocs.
all_memories(tag charP):
  Found 0 memories.
all_memories(tag charP):
  Found 0 memories.
all_allocs(tag charP):
  Found 1 allocs.
all_allocs(tag charP):
  Found 1 allocs.
all_memories(tag charP):
  Found 0 memories.
all_memories(tag charP):
  Found 0 memories.
all_allocs(tag charP):
  Found 1 allocs.
all_allocs(tag charP):
  Found 1 allocs.
all_memories(tag charP):
  Found 0 memories.
all_allocs(tag charP):
  Found 1 allocs.
all_tags(tag charP):
  Found 1 tags.
all_memories(tag charP):
  Found 0 memories.
all_memories(tag charP):
  Found 0 memories.
all_tags(tag charP):
  Found 1 tags.
all_memories(tag charP):
  Found 0 memories.
all_tags(tag charP):
  Found 1 tags.
all_memories(tag charP):
  Found 0 memories.
all_tags(tag charP):
  Found 1 tags.
all_memories(tag charP):
  Found 0 memories.
all_allocs(tag charP):
  Found 1 allocs.
all_tags(tag charP):
  Found 1 tags.
all_memories(tag charP):
  Found 0 memories.
all_allocs(tag charP):
  Found 1 allocs.
all_memories(tag charP):
  Found 0 memories.
all_memories(tag charP):
  Found 0 memories.
all_allocs(tag charP):
  Found 1 allocs.
all_allocs(tag charP):
  Found 1 allocs.
all_tags(tag charP):
  Found 1 tags.
all_memories(tag charP):
  Found 0 memories.
all_memories(tag charP):
  Found 0 memories.
all_tags(tag charP):
  Found 1 tags.
all_memories(tag charP):
  Found 0 memories.
all_tags(tag charP):
  Found 1 tags.
all_memories(tag charP):
  Found 0 memories.
all_tags(tag charP):
  Found 1 tags.
all_memories(tag charP):
  Found 0 memories.
all_allocs(tag charP):
  Found 1 allocs.
all_tags(tag charP):
  Found 1 tags.
all_memories(tag charP):
  Found 0 memories.
all_allocs(tag charP):
  Found 1 allocs.
all_memories(tag charP):
  Found 0 memories.
all_memories(tag charP):
  Found 0 memories.
all_allocs(tag charP):
  Found 1 allocs.
all_tags(tag charP):
  Found 1 tags.
all_memories(tag charP):
  Found 0 memories.
all_allocs(tag charP):
  Found 1 allocs.
all_memories(tag charP):
  Found 0 memories.
all_allocs(tag charP):
  Found 1 allocs.
all_memories(tag charP):
  Found 0 memories.
all_memories(tag charP):
  Found 0 memories.
all_tags(tag charP):
  Found 1 tags.
all_memories(tag voidP):
  Found 0 memories.
all_tags(tag voidP):
  Found 1 tags.
all_memories(tag charP):
  Found 0 memories.
all_allocs(tag charP):
  Found 1 allocs.
all_memories(tag voidP):
  Found 0 memories.
all_allocs(tag voidP):
  Found 1 allocs.
all_memories(tag charP):
  Found 0 memories.
all_tags(tag charP):
  Found 1 tags.
all_memories(tag charP):
  Found 0 memories.
all_tags(tag charP):
  Found 1 tags.
all_memories(tag charP):
  Found 0 memories.
all_tags(tag charP):
  Found 1 tags.
all_memories(tag charP):
  Found 0 memories.
all_tags(tag charP):
  Found 1 tags.
all_memories(tag charP):
  Found 0 memories.
all_tags(tag charP):
  Found 1 tags.
all_memories(tag charP):
  Found 0 memories.
all_tags(tag charP):
  Found 1 tags.
all_memories(tag charP):
  Found 0 memories.
all_allocs(tag charP):
  Found 1 allocs.
all_memories(tag voidP):
  Found 0 memories.
all_allocs(tag voidP):
  Found 1 allocs.
all_memories(tag charP):
  Found 0 memories.
all_allocs(tag charP):
  Found 1 allocs.
all_memories(tag voidP):
  Found 0 memories.
all_allocs(tag voidP):
  Found 1 allocs.
all_memories(tag charP):
  Found 0 memories.
all_allocs(tag charP):
  Found 1 allocs.
all_memories(tag voidP):
  Found 0 memories.
all_allocs(tag voidP):
  Found 1 allocs.
all_memories(tag charP):
  Found 0 memories.
all_allocs(tag charP):
  Found 1 allocs.
all_memories(tag voidP):
  Found 0 memories.
all_allocs(tag voidP):
  Found 1 allocs.
all_allocs(tag unsigned_charP):
  Found 1 allocs.
all_memories(tag unsigned_charP):
  Found 0 memories.
all_memories(tag unsigned_charP):
  Found 0 memories.
all_allocs(tag unsigned_charP):
  Found 1 allocs.
all_allocs(tag unsigned_charP):
  Found 1 allocs.
all_memories(tag unsigned_charP):
  Found 0 memories.
all_allocs(tag unsigned_charP):
  Found 1 allocs.
all_tags(tag unsigned_charP):
  Found 1 tags.
all_memories(tag unsigned_charP):
  Found 0 memories.
all_memories(tag unsigned_charP):
  Found 0 memories.
all_tags(tag unsigned_charP):
  Found 1 tags.
all_memories(tag unsigned_charP):
  Found 0 memories.
all_tags(tag unsigned_charP):
  Found 1 tags.
all_memories(tag unsigned_charP):
  Found 0 memories.
all_tags(tag unsigned_charP):
  Found 1 tags.
all_memories(tag unsigned_charP):
  Found 0 memories.
all_allocs(tag unsigned_charP):
  Found 1 allocs.
all_tags(tag unsigned_charP):
  Found 1 tags.
all_memories(tag unsigned_charP):
  Found 0 memories.
all_allocs(tag unsigned_charP):
  Found 1 allocs.
all_memories(tag unsigned_charP):
  Found 0 memories.
all_memories(tag unsigned_charP):
  Found 0 memories.
all_allocs(tag unsigned_charP):
  Found 1 allocs.
all_allocs(tag unsigned_charP):
  Found 1 allocs.
all_memories(tag unsigned_charP):
  Found 0 memories.
all_memories(tag unsigned_charP):
  Found 0 memories.
all_allocs(tag unsigned_charP):
  Found 1 allocs.
all_allocs(tag unsigned_charP):
  Found 1 allocs.
all_memories(tag unsigned_charP):
  Found 0 memories.
all_allocs(tag unsigned_charP):
  Found 1 allocs.
all_tags(tag unsigned_charP):
  Found 1 tags.
all_memories(tag unsigned_charP):
  Found 0 memories.
all_memories(tag unsigned_charP):
  Found 0 memories.
all_tags(tag unsigned_charP):
  Found 1 tags.
all_memories(tag unsigned_charP):
  Found 0 memories.
all_tags(tag unsigned_charP):
  Found 1 tags.
all_memories(tag unsigned_charP):
  Found 0 memories.
all_tags(tag unsigned_charP):
  Found 1 tags.
all_memories(tag unsigned_charP):
  Found 0 memories.
all_allocs(tag unsigned_charP):
  Found 1 allocs.
all_tags(tag unsigned_charP):
  Found 1 tags.
all_memories(tag unsigned_charP):
  Found 0 memories.
all_allocs(tag unsigned_charP):
  Found 1 allocs.
all_memories(tag unsigned_charP):
  Found 0 memories.
all_memories(tag unsigned_charP):
  Found 0 memories.
all_allocs(tag unsigned_charP):
  Found 1 allocs.
all_allocs(tag unsigned_charP):
  Found 1 allocs.
all_tags(tag unsigned_charP):
  Found 1 tags.
all_memories(tag unsigned_charP):
  Found 0 memories.
all_memories(tag unsigned_charP):
  Found 0 memories.
all_tags(tag unsigned_charP):
  Found 1 tags.
all_memories(tag unsigned_charP):
  Found 0 memories.
all_tags(tag unsigned_charP):
  Found 1 tags.
all_memories(tag unsigned_charP):
  Found 0 memories.
all_tags(tag unsigned_charP):
  Found 1 tags.
all_memories(tag unsigned_charP):
  Found 0 memories.
all_allocs(tag unsigned_charP):
  Found 1 allocs.
all_tags(tag unsigned_charP):
  Found 1 tags.
all_memories(tag unsigned_charP):
  Found 0 memories.
all_allocs(tag unsigned_charP):
  Found 1 allocs.
all_memories(tag unsigned_charP):
  Found 0 memories.
all_memories(tag unsigned_charP):
  Found 0 memories.
all_allocs(tag unsigned_charP):
  Found 1 allocs.
all_tags(tag unsigned_charP):
  Found 1 tags.
all_memories(tag unsigned_charP):
  Found 0 memories.
all_allocs(tag unsigned_charP):
  Found 1 allocs.
all_memories(tag unsigned_charP):
  Found 0 memories.
all_allocs(tag unsigned_charP):
  Found 1 allocs.
all_memories(tag unsigned_charP):
  Found 0 memories.
all_memories(tag unsigned_charP):
  Found 0 memories.
all_tags(tag unsigned_charP):
  Found 1 tags.
all_memories(tag unsigned_charP):
  Found 0 memories.
all_allocs(tag unsigned_charP):
  Found 1 allocs.
all_memories(tag unsigned_charP):
  Found 0 memories.
all_tags(tag unsigned_charP):
  Found 1 tags.
all_memories(tag unsigned_charP):
  Found 0 memories.
all_tags(tag unsigned_charP):
  Found 1 tags.
all_memories(tag unsigned_charP):
  Found 0 memories.
all_tags(tag unsigned_charP):
  Found 1 tags.
all_memories(tag unsigned_charP):
  Found 0 memories.
all_tags(tag unsigned_charP):
  Found 1 tags.
all_memories(tag unsigned_charP):
  Found 0 memories.
all_tags(tag unsigned_charP):
  Found 1 tags.
all_memories(tag unsigned_charP):
  Found 0 memories.
all_tags(tag unsigned_charP):
  Found 1 tags.
all_memories(tag unsigned_charP):
  Found 0 memories.
all_allocs(tag unsigned_charP):
  Found 1 allocs.
all_memories(tag unsigned_charP):
  Found 0 memories.
all_allocs(tag unsigned_charP):
  Found 1 allocs.
all_memories(tag unsigned_charP):
  Found 0 memories.
all_allocs(tag unsigned_charP):
  Found 1 allocs.
all_memories(tag unsigned_charP):
  Found 0 memories.
all_allocs(tag unsigned_charP):
  Found 1 allocs.
all_allocs(tag voidP):
  Found 1 allocs.
all_memories(tag voidP):
  Found 0 memories.
all_memories(tag voidP):
  Found 0 memories.
all_allocs(tag voidP):
  Found 1 allocs.
all_allocs(tag voidP):
  Found 1 allocs.
all_memories(tag voidP):
  Found 0 memories.
all_allocs(tag voidP):
  Found 1 allocs.
all_tags(tag voidP):
  Found 1 tags.
all_memories(tag voidP):
  Found 0 memories.
all_memories(tag voidP):
  Found 0 memories.
all_tags(tag voidP):
  Found 1 tags.
all_memories(tag voidP):
  Found 0 memories.
all_tags(tag voidP):
  Found 1 tags.
all_memories(tag voidP):
  Found 0 memories.
all_tags(tag voidP):
  Found 1 tags.
all_memories(tag voidP):
  Found 0 memories.
all_allocs(tag voidP):
  Found 1 allocs.
all_tags(tag voidP):
  Found 1 tags.
all_memories(tag voidP):
  Found 0 memories.
all_allocs(tag voidP):
  Found 1 allocs.
all_memories(tag voidP):
  Found 0 memories.
all_memories(tag voidP):
  Found 0 memories.
all_allocs(tag voidP):
  Found 1 allocs.
all_allocs(tag voidP):
  Found 1 allocs.
all_memories(tag voidP):
  Found 0 memories.
all_memories(tag voidP):
  Found 0 memories.
all_allocs(tag voidP):
  Found 1 allocs.
all_allocs(tag voidP):
  Found 1 allocs.
all_memories(tag voidP):
  Found 0 memories.
all_allocs(tag voidP):
  Found 1 allocs.
all_tags(tag voidP):
  Found 1 tags.
all_memories(tag voidP):
  Found 0 memories.
all_memories(tag voidP):
  Found 0 memories.
all_tags(tag voidP):
  Found 1 tags.
all_memories(tag voidP):
  Found 0 memories.
all_tags(tag voidP):
  Found 1 tags.
all_memories(tag voidP):
  Found 0 memories.
all_tags(tag voidP):
  Found 1 tags.
all_memories(tag voidP):
  Found 0 memories.
all_allocs(tag voidP):
  Found 1 allocs.
all_tags(tag voidP):
  Found 1 tags.
all_memories(tag voidP):
  Found 0 memories.
all_allocs(tag voidP):
  Found 1 allocs.
all_memories(tag voidP):
  Found 0 memories.
all_memories(tag voidP):
  Found 0 memories.
all_allocs(tag voidP):
  Found 1 allocs.
all_allocs(tag voidP):
  Found 1 allocs.
all_tags(tag voidP):
  Found 1 tags.
all_memories(tag voidP):
  Found 0 memories.
all_memories(tag voidP):
  Found 0 memories.
all_tags(tag voidP):
  Found 1 tags.
all_memories(tag voidP):
  Found 0 memories.
all_tags(tag voidP):
  Found 1 tags.
all_memories(tag voidP):
  Found 0 memories.
all_tags(tag voidP):
  Found 1 tags.
all_memories(tag voidP):
  Found 0 memories.
all_allocs(tag voidP):
  Found 1 allocs.
all_tags(tag voidP):
  Found 1 tags.
all_memories(tag voidP):
  Found 0 memories.
all_allocs(tag voidP):
  Found 1 allocs.
all_memories(tag voidP):
  Found 0 memories.
all_memories(tag voidP):
  Found 0 memories.
all_allocs(tag voidP):
  Found 1 allocs.
all_tags(tag voidP):
  Found 1 tags.
all_memories(tag voidP):
  Found 0 memories.
all_allocs(tag voidP):
  Found 1 allocs.
all_memories(tag voidP):
  Found 0 memories.
all_allocs(tag voidP):
  Found 1 allocs.
all_memories(tag voidP):
  Found 0 memories.
all_memories(tag voidP):
  Found 0 memories.
all_tags(tag voidP):
  Found 1 tags.
all_memories(tag voidP):
  Found 0 memories.
all_allocs(tag voidP):
  Found 1 allocs.
all_memories(tag voidP):
  Found 0 memories.
all_tags(tag voidP):
  Found 1 tags.
all_memories(tag voidP):
  Found 0 memories.
all_tags(tag voidP):
  Found 1 tags.
all_memories(tag voidP):
  Found 0 memories.
all_tags(tag voidP):
  Found 1 tags.
all_memories(tag voidP):
  Found 0 memories.
all_tags(tag voidP):
  Found 1 tags.
all_memories(tag voidP):
  Found 0 memories.
all_tags(tag voidP):
  Found 1 tags.
all_memories(tag voidP):
  Found 0 memories.
all_tags(tag voidP):
  Found 1 tags.
all_memories(tag voidP):
  Found 0 memories.
all_allocs(tag voidP):
  Found 1 allocs.
all_memories(tag voidP):
  Found 0 memories.
all_allocs(tag voidP):
  Found 1 allocs.
all_memories(tag voidP):
  Found 0 memories.
all_allocs(tag voidP):
  Found 1 allocs.
all_memories(tag voidP):
  Found 0 memories.
all_allocs(tag voidP):
  Found 1 allocs.
Translate variants
Translate global regions
Translate exceptions
Translate enumerated types
Translate dummies
Translate standalone logic functions
Translate axiomatic declarations
Axiomatic Padding
Translate lemmas
Translate functions
Produce makefile
